{"/home/danil/rick-and-morty-widget/src/App.tsx": {"path":"/home/danil/rick-and-morty-widget/src/App.tsx","statementMap":{"0":{"start":{"line":2,"column":0},"end":{"line":2,"column":34}},"1":{"start":{"line":3,"column":0},"end":{"line":3,"column":25}},"2":{"start":{"line":5,"column":16},"end":{"line":11,"column":1}},"3":{"start":{"line":6,"column":2},"end":{"line":10,"column":4}},"4":{"start":{"line":13,"column":0},"end":{"line":13,"column":19}}},"fnMap":{"0":{"name":"(anonymous_0)","decl":{"start":{"line":5,"column":16},"end":{"line":5,"column":19}},"loc":{"start":{"line":5,"column":21},"end":{"line":11,"column":1}}}},"branchMap":{},"s":{"0":1,"1":1,"2":1,"3":2,"4":1},"f":{"0":2},"b":{}}
,"/home/danil/rick-and-morty-widget/src/main.tsx": {"path":"/home/danil/rick-and-morty-widget/src/main.tsx","statementMap":{"0":{"start":{"line":1,"column":0},"end":{"line":1,"column":26}},"1":{"start":{"line":2,"column":0},"end":{"line":2,"column":33}},"2":{"start":{"line":3,"column":0},"end":{"line":3,"column":48}},"3":{"start":{"line":4,"column":0},"end":{"line":4,"column":33}},"4":{"start":{"line":5,"column":0},"end":{"line":5,"column":24}},"5":{"start":{"line":7,"column":0},"end":{"line":14,"column":2}}},"fnMap":{},"branchMap":{},"s":{"0":0,"1":0,"2":0,"3":0,"4":0,"5":0},"f":{},"b":{}}
,"/home/danil/rick-and-morty-widget/src/components/card/index.tsx": {"path":"/home/danil/rick-and-morty-widget/src/components/card/index.tsx","statementMap":{"0":{"start":{"line":2,"column":0},"end":{"line":2,"column":37}},"1":{"start":{"line":5,"column":23},"end":{"line":12,"column":1}},"2":{"start":{"line":6,"column":2},"end":{"line":11,"column":4}},"3":{"start":{"line":14,"column":9},"end":{"line":14,"column":13}}},"fnMap":{"0":{"name":"(anonymous_0)","decl":{"start":{"line":5,"column":23},"end":{"line":5,"column":24}},"loc":{"start":{"line":5,"column":43},"end":{"line":12,"column":1}}}},"branchMap":{},"s":{"0":3,"1":3,"2":8,"3":3},"f":{"0":8},"b":{}}
,"/home/danil/rick-and-morty-widget/src/components/card/style.ts": {"path":"/home/danil/rick-and-morty-widget/src/components/card/style.ts","statementMap":{"0":{"start":{"line":1,"column":0},"end":{"line":1,"column":39}},"1":{"start":{"line":3,"column":19},"end":{"line":26,"column":2}},"2":{"start":{"line":28,"column":9},"end":{"line":28,"column":19}}},"fnMap":{},"branchMap":{},"s":{"0":3,"1":3,"2":3},"f":{},"b":{}}
,"/home/danil/rick-and-morty-widget/src/components/error/index.tsx": {"path":"/home/danil/rick-and-morty-widget/src/components/error/index.tsx","statementMap":{"0":{"start":{"line":2,"column":0},"end":{"line":2,"column":38}},"1":{"start":{"line":4,"column":18},"end":{"line":13,"column":1}},"2":{"start":{"line":5,"column":2},"end":{"line":12,"column":4}},"3":{"start":{"line":15,"column":9},"end":{"line":15,"column":14}}},"fnMap":{"0":{"name":"(anonymous_0)","decl":{"start":{"line":4,"column":18},"end":{"line":4,"column":21}},"loc":{"start":{"line":4,"column":23},"end":{"line":13,"column":1}}}},"branchMap":{},"s":{"0":3,"1":3,"2":5,"3":3},"f":{"0":5},"b":{}}
,"/home/danil/rick-and-morty-widget/src/components/error/style.ts": {"path":"/home/danil/rick-and-morty-widget/src/components/error/style.ts","statementMap":{"0":{"start":{"line":1,"column":0},"end":{"line":1,"column":39}},"1":{"start":{"line":3,"column":20},"end":{"line":16,"column":2}},"2":{"start":{"line":18,"column":9},"end":{"line":18,"column":20}}},"fnMap":{},"branchMap":{},"s":{"0":3,"1":3,"2":3},"f":{},"b":{}}
,"/home/danil/rick-and-morty-widget/src/components/filterBar/index.tsx": {"path":"/home/danil/rick-and-morty-widget/src/components/filterBar/index.tsx","statementMap":{"0":{"start":{"line":2,"column":0},"end":{"line":2,"column":43}},"1":{"start":{"line":3,"column":0},"end":{"line":3,"column":48}},"2":{"start":{"line":4,"column":0},"end":{"line":4,"column":42}},"3":{"start":{"line":5,"column":0},"end":{"line":5,"column":38}},"4":{"start":{"line":9,"column":33},"end":{"line":47,"column":1}},"5":{"start":{"line":10,"column":42},"end":{"line":16,"column":4}},"6":{"start":{"line":18,"column":2},"end":{"line":46,"column":4}},"7":{"start":{"line":22,"column":10},"end":{"line":41,"column":null}},"8":{"start":{"line":25,"column":16},"end":{"line":36,"column":18}},"9":{"start":{"line":49,"column":9},"end":{"line":49,"column":18}}},"fnMap":{"0":{"name":"(anonymous_0)","decl":{"start":{"line":9,"column":33},"end":{"line":9,"column":34}},"loc":{"start":{"line":9,"column":50},"end":{"line":47,"column":1}}},"1":{"name":"(anonymous_1)","decl":{"start":{"line":21,"column":9},"end":{"line":21,"column":10}},"loc":{"start":{"line":22,"column":10},"end":{"line":41,"column":null}}},"2":{"name":"(anonymous_2)","decl":{"start":{"line":24,"column":39},"end":{"line":24,"column":40}},"loc":{"start":{"line":24,"column":59},"end":{"line":37,"column":15}}}},"branchMap":{},"s":{"0":3,"1":3,"2":3,"3":3,"4":3,"5":13,"6":13,"7":16,"8":80,"9":3},"f":{"0":13,"1":16,"2":80},"b":{}}
,"/home/danil/rick-and-morty-widget/src/components/filterBar/style.ts": {"path":"/home/danil/rick-and-morty-widget/src/components/filterBar/style.ts","statementMap":{"0":{"start":{"line":1,"column":0},"end":{"line":1,"column":39}},"1":{"start":{"line":3,"column":25},"end":{"line":30,"column":2}},"2":{"start":{"line":32,"column":9},"end":{"line":32,"column":25}}},"fnMap":{},"branchMap":{},"s":{"0":3,"1":3,"2":3},"f":{},"b":{}}
,"/home/danil/rick-and-morty-widget/src/components/loader/index.tsx": {"path":"/home/danil/rick-and-morty-widget/src/components/loader/index.tsx","statementMap":{"0":{"start":{"line":2,"column":0},"end":{"line":2,"column":62}},"1":{"start":{"line":3,"column":0},"end":{"line":3,"column":39}},"2":{"start":{"line":5,"column":19},"end":{"line":13,"column":1}},"3":{"start":{"line":6,"column":2},"end":{"line":12,"column":4}},"4":{"start":{"line":15,"column":9},"end":{"line":15,"column":15}}},"fnMap":{"0":{"name":"(anonymous_0)","decl":{"start":{"line":5,"column":19},"end":{"line":5,"column":22}},"loc":{"start":{"line":5,"column":24},"end":{"line":13,"column":1}}}},"branchMap":{},"s":{"0":3,"1":3,"2":3,"3":8,"4":3},"f":{"0":8},"b":{}}
,"/home/danil/rick-and-morty-widget/src/components/loader/style.ts": {"path":"/home/danil/rick-and-morty-widget/src/components/loader/style.ts","statementMap":{"0":{"start":{"line":1,"column":0},"end":{"line":1,"column":39}},"1":{"start":{"line":3,"column":21},"end":{"line":12,"column":2}},"2":{"start":{"line":14,"column":9},"end":{"line":14,"column":21}}},"fnMap":{},"branchMap":{},"s":{"0":3,"1":3,"2":3},"f":{},"b":{}}
,"/home/danil/rick-and-morty-widget/src/components/pagination/index.tsx": {"path":"/home/danil/rick-and-morty-widget/src/components/pagination/index.tsx","statementMap":{"0":{"start":{"line":2,"column":0},"end":{"line":2,"column":53}},"1":{"start":{"line":3,"column":0},"end":{"line":3,"column":40}},"2":{"start":{"line":5,"column":0},"end":{"line":5,"column":43}},"3":{"start":{"line":7,"column":35},"end":{"line":20,"column":1}},"4":{"start":{"line":8,"column":2},"end":{"line":19,"column":4}},"5":{"start":{"line":22,"column":9},"end":{"line":22,"column":19}}},"fnMap":{"0":{"name":"(anonymous_0)","decl":{"start":{"line":7,"column":35},"end":{"line":7,"column":36}},"loc":{"start":{"line":7,"column":68},"end":{"line":20,"column":1}}}},"branchMap":{},"s":{"0":3,"1":3,"2":3,"3":3,"4":6,"5":3},"f":{"0":6},"b":{}}
,"/home/danil/rick-and-morty-widget/src/components/pagination/style.ts": {"path":"/home/danil/rick-and-morty-widget/src/components/pagination/style.ts","statementMap":{"0":{"start":{"line":1,"column":0},"end":{"line":1,"column":39}},"1":{"start":{"line":3,"column":25},"end":{"line":7,"column":2}},"2":{"start":{"line":9,"column":9},"end":{"line":9,"column":25}}},"fnMap":{},"branchMap":{},"s":{"0":3,"1":3,"2":3},"f":{},"b":{}}
,"/home/danil/rick-and-morty-widget/src/components/popup/content.tsx": {"path":"/home/danil/rick-and-morty-widget/src/components/popup/content.tsx","statementMap":{"0":{"start":{"line":3,"column":0},"end":{"line":3,"column":73}},"1":{"start":{"line":4,"column":0},"end":{"line":4,"column":41}},"2":{"start":{"line":7,"column":31},"end":{"line":43,"column":1}},"3":{"start":{"line":17,"column":18},"end":{"line":17,"column":29}},"4":{"start":{"line":18,"column":2},"end":{"line":42,"column":4}},"5":{"start":{"line":45,"column":9},"end":{"line":45,"column":16}}},"fnMap":{"0":{"name":"(anonymous_0)","decl":{"start":{"line":7,"column":31},"end":{"line":7,"column":32}},"loc":{"start":{"line":16,"column":5},"end":{"line":43,"column":1}}}},"branchMap":{"0":{"loc":{"start":{"line":33,"column":19},"end":{"line":33,"column":60}},"type":"cond-expr","locations":[{"start":{"line":33,"column":43},"end":{"line":33,"column":54}},{"start":{"line":33,"column":57},"end":{"line":33,"column":60}}]},"1":{"loc":{"start":{"line":33,"column":19},"end":{"line":33,"column":40}},"type":"binary-expr","locations":[{"start":{"line":33,"column":19},"end":{"line":33,"column":25}},{"start":{"line":33,"column":29},"end":{"line":33,"column":40}}]},"2":{"loc":{"start":{"line":35,"column":21},"end":{"line":35,"column":68}},"type":"cond-expr","locations":[{"start":{"line":35,"column":49},"end":{"line":35,"column":62}},{"start":{"line":35,"column":65},"end":{"line":35,"column":68}}]},"3":{"loc":{"start":{"line":35,"column":21},"end":{"line":35,"column":46}},"type":"binary-expr","locations":[{"start":{"line":35,"column":21},"end":{"line":35,"column":29}},{"start":{"line":35,"column":33},"end":{"line":35,"column":46}}]},"4":{"loc":{"start":{"line":37,"column":17},"end":{"line":37,"column":34}},"type":"cond-expr","locations":[{"start":{"line":37,"column":24},"end":{"line":37,"column":28}},{"start":{"line":37,"column":31},"end":{"line":37,"column":34}}]}},"s":{"0":3,"1":3,"2":3,"3":7,"4":7,"5":3},"f":{"0":7},"b":{"0":[6,1],"1":[7,6],"2":[7,0],"3":[7,7],"4":[7,0]}}
,"/home/danil/rick-and-morty-widget/src/components/popup/index.tsx": {"path":"/home/danil/rick-and-morty-widget/src/components/popup/index.tsx","statementMap":{"0":{"start":{"line":2,"column":0},"end":{"line":2,"column":39}},"1":{"start":{"line":3,"column":0},"end":{"line":3,"column":36}},"2":{"start":{"line":6,"column":25},"end":{"line":12,"column":1}},"3":{"start":{"line":7,"column":2},"end":{"line":11,"column":4}},"4":{"start":{"line":14,"column":9},"end":{"line":14,"column":14}}},"fnMap":{"0":{"name":"(anonymous_0)","decl":{"start":{"line":6,"column":25},"end":{"line":6,"column":26}},"loc":{"start":{"line":6,"column":60},"end":{"line":12,"column":1}}}},"branchMap":{},"s":{"0":3,"1":3,"2":3,"3":7,"4":3},"f":{"0":7},"b":{}}
,"/home/danil/rick-and-morty-widget/src/components/popup/mui-styles.ts": {"path":"/home/danil/rick-and-morty-widget/src/components/popup/mui-styles.ts","statementMap":{"0":{"start":{"line":1,"column":0},"end":{"line":1,"column":41}},"1":{"start":{"line":3,"column":18},"end":{"line":11,"column":2}},"2":{"start":{"line":13,"column":9},"end":{"line":13,"column":18}}},"fnMap":{},"branchMap":{},"s":{"0":3,"1":3,"2":3},"f":{},"b":{}}
,"/home/danil/rick-and-morty-widget/src/graphql/index.ts": {"path":"/home/danil/rick-and-morty-widget/src/graphql/index.ts","statementMap":{"0":{"start":{"line":1,"column":0},"end":{"line":1,"column":61}},"1":{"start":{"line":3,"column":15},"end":{"line":13,"column":2}},"2":{"start":{"line":15,"column":9},"end":{"line":15,"column":15}}},"fnMap":{},"branchMap":{},"s":{"0":0,"1":0,"2":0},"f":{},"b":{}}
,"/home/danil/rick-and-morty-widget/src/graphql/queries/characters.ts": {"path":"/home/danil/rick-and-morty-widget/src/graphql/queries/characters.ts","statementMap":{"0":{"start":{"line":1,"column":0},"end":{"line":1,"column":37}},"1":{"start":{"line":3,"column":23},"end":{"line":35,"column":2}},"2":{"start":{"line":37,"column":9},"end":{"line":37,"column":23}}},"fnMap":{},"branchMap":{},"s":{"0":2,"1":2,"2":2},"f":{},"b":{}}
,"/home/danil/rick-and-morty-widget/src/pages/home/index.tsx": {"path":"/home/danil/rick-and-morty-widget/src/pages/home/index.tsx","statementMap":{"0":{"start":{"line":2,"column":0},"end":{"line":2,"column":46}},"1":{"start":{"line":3,"column":0},"end":{"line":3,"column":42}},"2":{"start":{"line":4,"column":0},"end":{"line":4,"column":60}},"3":{"start":{"line":6,"column":0},"end":{"line":6,"column":39}},"4":{"start":{"line":7,"column":0},"end":{"line":7,"column":41}},"5":{"start":{"line":8,"column":0},"end":{"line":8,"column":41}},"6":{"start":{"line":9,"column":0},"end":{"line":9,"column":43}},"7":{"start":{"line":10,"column":0},"end":{"line":10,"column":41}},"8":{"start":{"line":11,"column":0},"end":{"line":11,"column":49}},"9":{"start":{"line":13,"column":0},"end":{"line":13,"column":51}},"10":{"start":{"line":15,"column":17},"end":{"line":74,"column":1}},"11":{"start":{"line":16,"column":44},"end":{"line":23,"column":4}},"12":{"start":{"line":25,"column":28},"end":{"line":25,"column":52}},"13":{"start":{"line":26,"column":50},"end":{"line":26,"column":71}},"14":{"start":{"line":27,"column":44},"end":{"line":29,"column":4}},"15":{"start":{"line":30,"column":27},"end":{"line":33,"column":3}},"16":{"start":{"line":31,"column":4},"end":{"line":31,"column":35}},"17":{"start":{"line":32,"column":4},"end":{"line":32,"column":19}},"18":{"start":{"line":34,"column":28},"end":{"line":36,"column":3}},"19":{"start":{"line":35,"column":4},"end":{"line":35,"column":20}},"20":{"start":{"line":37,"column":24},"end":{"line":41,"column":3}},"21":{"start":{"line":38,"column":25},"end":{"line":38,"column":47}},"22":{"start":{"line":39,"column":4},"end":{"line":39,"column":35}},"23":{"start":{"line":40,"column":4},"end":{"line":40,"column":26}},"24":{"start":{"line":42,"column":28},"end":{"line":45,"column":3}},"25":{"start":{"line":43,"column":4},"end":{"line":43,"column":40}},"26":{"start":{"line":44,"column":4},"end":{"line":44,"column":26}},"27":{"start":{"line":46,"column":22},"end":{"line":46,"column":40}},"28":{"start":{"line":47,"column":2},"end":{"line":73,"column":4}},"29":{"start":{"line":59,"column":16},"end":{"line":63,"column":18}},"30":{"start":{"line":60,"column":65},"end":{"line":60,"column":92}},"31":{"start":{"line":76,"column":9},"end":{"line":76,"column":13}}},"fnMap":{"0":{"name":"(anonymous_0)","decl":{"start":{"line":15,"column":17},"end":{"line":15,"column":20}},"loc":{"start":{"line":15,"column":22},"end":{"line":74,"column":1}}},"1":{"name":"(anonymous_1)","decl":{"start":{"line":30,"column":27},"end":{"line":30,"column":28}},"loc":{"start":{"line":30,"column":52},"end":{"line":33,"column":3}}},"2":{"name":"(anonymous_2)","decl":{"start":{"line":34,"column":28},"end":{"line":34,"column":31}},"loc":{"start":{"line":34,"column":33},"end":{"line":36,"column":3}}},"3":{"name":"(anonymous_3)","decl":{"start":{"line":37,"column":24},"end":{"line":37,"column":25}},"loc":{"start":{"line":37,"column":53},"end":{"line":41,"column":3}}},"4":{"name":"(anonymous_4)","decl":{"start":{"line":42,"column":28},"end":{"line":42,"column":29}},"loc":{"start":{"line":42,"column":70},"end":{"line":45,"column":3}}},"5":{"name":"(anonymous_5)","decl":{"start":{"line":58,"column":43},"end":{"line":58,"column":44}},"loc":{"start":{"line":58,"column":83},"end":{"line":64,"column":15}}},"6":{"name":"(anonymous_6)","decl":{"start":{"line":60,"column":59},"end":{"line":60,"column":62}},"loc":{"start":{"line":60,"column":65},"end":{"line":60,"column":92}}}},"branchMap":{"0":{"loc":{"start":{"line":46,"column":22},"end":{"line":46,"column":40}},"type":"binary-expr","locations":[{"start":{"line":46,"column":22},"end":{"line":46,"column":30}},{"start":{"line":46,"column":34},"end":{"line":46,"column":40}}]},"1":{"loc":{"start":{"line":52,"column":9},"end":{"line":67,"column":null}},"type":"binary-expr","locations":[{"start":{"line":52,"column":9},"end":{"line":52,"column":20}},{"start":{"line":53,"column":10},"end":{"line":66,"column":null}}]},"2":{"loc":{"start":{"line":54,"column":13},"end":{"line":55,"column":null}},"type":"binary-expr","locations":[{"start":{"line":54,"column":13},"end":{"line":54,"column":29}},{"start":{"line":55,"column":14},"end":{"line":55,"column":95}}]},"3":{"loc":{"start":{"line":70,"column":7},"end":{"line":70,"column":28}},"type":"binary-expr","locations":[{"start":{"line":70,"column":7},"end":{"line":70,"column":14}},{"start":{"line":70,"column":18},"end":{"line":70,"column":28}}]},"4":{"loc":{"start":{"line":71,"column":7},"end":{"line":71,"column":25}},"type":"binary-expr","locations":[{"start":{"line":71,"column":7},"end":{"line":71,"column":12}},{"start":{"line":71,"column":16},"end":{"line":71,"column":25}}]}},"s":{"0":2,"1":2,"2":2,"3":2,"4":2,"5":2,"6":2,"7":2,"8":2,"9":2,"10":2,"11":10,"12":10,"13":10,"14":10,"15":10,"16":1,"17":1,"18":10,"19":0,"20":10,"21":0,"22":0,"23":0,"24":10,"25":0,"26":0,"27":10,"28":10,"29":4,"30":1,"31":2},"f":{"0":10,"1":1,"2":0,"3":0,"4":0,"5":4,"6":1},"b":{"0":[10,4],"1":[10,4],"2":[4,1],"3":[10,6],"4":[10,0]}}
,"/home/danil/rick-and-morty-widget/src/pages/home/style.ts": {"path":"/home/danil/rick-and-morty-widget/src/pages/home/style.ts","statementMap":{"0":{"start":{"line":1,"column":0},"end":{"line":1,"column":39}},"1":{"start":{"line":3,"column":23},"end":{"line":18,"column":2}},"2":{"start":{"line":20,"column":9},"end":{"line":20,"column":23}}},"fnMap":{},"branchMap":{},"s":{"0":2,"1":2,"2":2},"f":{},"b":{}}
}
